<?xml version="1.0" encoding="UTF-8" ?>
<testsuite tests="6" failures="0" name="com.cBudget.controller.utils.DropDownsUtilTest" time="0.001" errors="0" skipped="0">
  <properties>
    <property name="java.runtime.name" value="Java(TM) SE Runtime Environment"/>
    <property name="sun.boot.library.path" value="C:\myprograms\java\jdk_inst\jre\bin"/>
    <property name="java.vm.version" value="25.152-b16"/>
    <property name="java.vm.vendor" value="Oracle Corporation"/>
    <property name="maven.multiModuleProjectDirectory" value="C:\myworkbench\cm software and consulting\projects\2018\CeloM-Incorperated\BudgetCelo"/>
    <property name="java.vendor.url" value="http://java.oracle.com/"/>
    <property name="path.separator" value=";"/>
    <property name="guice.disable.misplaced.annotation.check" value="true"/>
    <property name="java.vm.name" value="Java HotSpot(TM) 64-Bit Server VM"/>
    <property name="file.encoding.pkg" value="sun.io"/>
    <property name="user.script" value=""/>
    <property name="user.country" value="US"/>
    <property name="sun.java.launcher" value="SUN_STANDARD"/>
    <property name="sun.os.patch.level" value=""/>
    <property name="java.vm.specification.name" value="Java Virtual Machine Specification"/>
    <property name="user.dir" value="C:\myworkbench\cm software and consulting\projects\2018\CeloM-Incorperated\BudgetCelo"/>
    <property name="java.runtime.version" value="1.8.0_152-b16"/>
    <property name="java.awt.graphicsenv" value="sun.awt.Win32GraphicsEnvironment"/>
    <property name="java.endorsed.dirs" value="C:\myprograms\java\jdk_inst\jre\lib\endorsed"/>
    <property name="os.arch" value="amd64"/>
    <property name="java.io.tmpdir" value="C:\Users\CELOKU~1.MYE\AppData\Local\Temp\"/>
    <property name="line.separator" value="
"/>
    <property name="java.vm.specification.vendor" value="Oracle Corporation"/>
    <property name="user.variant" value=""/>
    <property name="os.name" value="Windows 10"/>
    <property name="classworlds.conf" value="C:\myprograms\maven\apache-maven-3.5.2-bin\apache-maven-3.5.2\bin\..\bin\m2.conf"/>
    <property name="sun.jnu.encoding" value="Cp1252"/>
    <property name="java.library.path" value="C:\myprograms\java\jdk_inst\bin;C:\WINDOWS\Sun\Java\bin;C:\WINDOWS\system32;C:\WINDOWS;C:/Program Files/Java/jre1.8.0_171/bin/server;C:/Program Files/Java/jre1.8.0_171/bin;C:/Program Files/Java/jre1.8.0_171/lib/amd64;C:\Program Files (x86)\Common Files\Oracle\Java\javapath;C:\ProgramData\Oracle\Java\javapath;C:\WINDOWS\system32;C:\WINDOWS;C:\WINDOWS\System32\Wbem;C:\WINDOWS\System32\WindowsPowerShell\v1.0\;C:\Program Files (x86)\ATI Technologies\ATI.ACE\Core-Static;C:\myprograms\git\cmd;C:\myprograms\maven\apache-maven-3.5.2-bin\apache-maven-3.5.2\bin;C:\myprograms\maven\apache-maven-3.5.2-bin\apache-maven-3.5.2\bin;C:\Program Files (x86)\Bitvise SSH Client;C:\myprograms\web servers\payara\payara-4.1.2.174\payara41\bin;C:\Users\celokuhlo.myeza\Desktop;C:\myprograms\node.js\;C:\myprograms\yarn\bin\;C:\WINDOWS\System32\OpenSSH\;C:\Program Files\Microsoft SQL Server\Client SDK\ODBC\130\Tools\Binn\;C:\Program Files (x86)\Microsoft SQL Server\140\Tools\Binn\;C:\Program Files\Microsoft SQL Server\140\Tools\Binn\;C:\Program Files\Microsoft SQL Server\140\DTS\Binn\;C:\myprograms\web servers\wildfly\wildfly-14.0.1.Final\wildfly-14.0.1.Final\bin;C:\Users\celokuhlo.myeza\AppData\Local\Microsoft\WindowsApps;C:\myprograms\git;C:\myprograms\java\jdk_inst\bin;C:\myprograms\database servers\postgres\bin;C:\Users\celokuhlo.myeza\AppData\Roaming\npm;C:\myprograms\ide&apos;s\vs code\bin;C:\Users\celokuhlo.myeza\AppData\Local\Yarn\bin;;C:\myprograms\ide&apos;s\eclipse oxygen\eclipse-jee-oxygen-2-win32-x86_64\eclipse;;."/>
    <property name="maven.conf" value="C:\myprograms\maven\apache-maven-3.5.2-bin\apache-maven-3.5.2\bin\../conf"/>
    <property name="java.specification.name" value="Java Platform API Specification"/>
    <property name="java.class.version" value="52.0"/>
    <property name="sun.management.compiler" value="HotSpot 64-Bit Tiered Compilers"/>
    <property name="os.version" value="10.0"/>
    <property name="library.jansi.path" value="C:\myprograms\maven\apache-maven-3.5.2-bin\apache-maven-3.5.2\bin\..\lib\jansi-native"/>
    <property name="user.home" value="C:\Users\celokuhlo.myeza"/>
    <property name="user.timezone" value="Africa/Harare"/>
    <property name="java.awt.printerjob" value="sun.awt.windows.WPrinterJob"/>
    <property name="java.specification.version" value="1.8"/>
    <property name="file.encoding" value="Cp1252"/>
    <property name="user.name" value="celokuhlo.myeza"/>
    <property name="java.class.path" value="C:\myprograms\maven\apache-maven-3.5.2-bin\apache-maven-3.5.2\bin\..\boot\plexus-classworlds-2.5.2.jar"/>
    <property name="java.vm.specification.version" value="1.8"/>
    <property name="sun.arch.data.model" value="64"/>
    <property name="java.home" value="C:\myprograms\java\jdk_inst\jre"/>
    <property name="sun.java.command" value="org.codehaus.plexus.classworlds.launcher.Launcher clean package"/>
    <property name="java.specification.vendor" value="Oracle Corporation"/>
    <property name="user.language" value="en"/>
    <property name="awt.toolkit" value="sun.awt.windows.WToolkit"/>
    <property name="java.vm.info" value="mixed mode"/>
    <property name="java.version" value="1.8.0_152"/>
    <property name="java.ext.dirs" value="C:\myprograms\java\jdk_inst\jre\lib\ext;C:\WINDOWS\Sun\Java\lib\ext"/>
    <property name="sun.boot.class.path" value="C:\myprograms\java\jdk_inst\jre\lib\resources.jar;C:\myprograms\java\jdk_inst\jre\lib\rt.jar;C:\myprograms\java\jdk_inst\jre\lib\sunrsasign.jar;C:\myprograms\java\jdk_inst\jre\lib\jsse.jar;C:\myprograms\java\jdk_inst\jre\lib\jce.jar;C:\myprograms\java\jdk_inst\jre\lib\charsets.jar;C:\myprograms\java\jdk_inst\jre\lib\jfr.jar;C:\myprograms\java\jdk_inst\jre\classes"/>
    <property name="sun.stderr.encoding" value="cp437"/>
    <property name="java.vendor" value="Oracle Corporation"/>
    <property name="maven.home" value="C:\myprograms\maven\apache-maven-3.5.2-bin\apache-maven-3.5.2\bin\.."/>
    <property name="file.separator" value="\"/>
    <property name="java.vendor.url.bug" value="http://bugreport.sun.com/bugreport/"/>
    <property name="sun.cpu.endian" value="little"/>
    <property name="sun.io.unicode.encoding" value="UnicodeLittle"/>
    <property name="sun.stdout.encoding" value="cp437"/>
    <property name="sun.desktop" value="windows"/>
    <property name="sun.cpu.isalist" value="amd64"/>
  </properties>
  <testcase classname="com.cBudget.controller.utils.DropDownsUtilTest" name="testContainsMultipleWordsShouldBeFalse" time="0"/>
  <testcase classname="com.cBudget.controller.utils.DropDownsUtilTest" name="testContainsMultipleWordsShouldBeTrue" time="0"/>
  <testcase classname="com.cBudget.controller.utils.DropDownsUtilTest" name="testGetInCapAndLowercaseWorksForAllUppercase" time="0"/>
  <testcase classname="com.cBudget.controller.utils.DropDownsUtilTest" name="testGetInCapAndLowercaseWorksForUperAndLowercases" time="0"/>
  <testcase classname="com.cBudget.controller.utils.DropDownsUtilTest" name="testCapitaliseFirstLetterWorksForAnUpperCaseFirstLetter" time="0"/>
  <testcase classname="com.cBudget.controller.utils.DropDownsUtilTest" name="testCapitaliseFirstLetterWorksForALowerCaseFirstLetter" time="0.001"/>
</testsuite>